Change Component Designator: Old Designator=H_load? New Designator=H_load1
Change Component Designator: Old Designator=HOT_afterTRIAC? New Designator=HOT_afterTRIAC1
Change Component Designator: Old Designator=Hot_Grid? New Designator=Hot_Grid1
Change Component Designator: Old Designator=J? New Designator=J1
Change Component Designator: Old Designator=J? New Designator=J2
Change Component Designator: Old Designator=J? New Designator=J3
Change Component Designator: Old Designator=J? New Designator=J4
Change Component Designator: Old Designator=J? New Designator=J5
Change Component Designator: Old Designator=J? New Designator=J6
Change Component Designator: Old Designator=J? New Designator=J7
Change Component Designator: Old Designator=J? New Designator=J8
Change Component Designator: Old Designator=N_afterTRIAC? New Designator=N_afterTRIAC1
Change Component Designator: Old Designator=N_Load? New Designator=N_Load1
Change Component Designator: Old Designator=Neutral_Grid? New Designator=Neutral_Grid1
Change Component Designator: Old Designator=Q? New Designator=Q1
Change Component Designator: Old Designator=Q? New Designator=Q2
Change Component Designator: Old Designator=Q? New Designator=Q3
Change Component Designator: Old Designator=Q? New Designator=Q4
Change Component Designator: Old Designator=R? New Designator=R1
Change Component Designator: Old Designator=R? New Designator=R2
Change Component Designator: Old Designator=TP? New Designator=TP1
Change Component Designator: Old Designator=TRIAC_drive? New Designator=TRIAC_drive1
Change Component Designator: Old Designator=TRIAC_driver_IN? New Designator=TRIAC_driver_IN1
