Change Component Designator: Old Designator=H_load1 New Designator=H_load?
Change Component Designator: Old Designator=HOT_afterTRIAC1 New Designator=HOT_afterTRIAC?
Change Component Designator: Old Designator=Hot_Grid1 New Designator=Hot_Grid?
Change Component Designator: Old Designator=J1 New Designator=J?
Change Component Designator: Old Designator=J2 New Designator=J?
Change Component Designator: Old Designator=J3 New Designator=J?
Change Component Designator: Old Designator=J4 New Designator=J?
Change Component Designator: Old Designator=J5 New Designator=J?
Change Component Designator: Old Designator=J6 New Designator=J?
Change Component Designator: Old Designator=J7 New Designator=J?
Change Component Designator: Old Designator=J8 New Designator=J?
Change Component Designator: Old Designator=N_afterTRIAC1 New Designator=N_afterTRIAC?
Change Component Designator: Old Designator=N_Load1 New Designator=N_Load?
Change Component Designator: Old Designator=Neutral_Grid1 New Designator=Neutral_Grid?
Change Component Designator: Old Designator=Q1 New Designator=Q?
Change Component Designator: Old Designator=Q2 New Designator=Q?
Change Component Designator: Old Designator=Q3 New Designator=Q?
Change Component Designator: Old Designator=Q4 New Designator=Q?
Change Component Designator: Old Designator=R1 New Designator=R?
Change Component Designator: Old Designator=R2 New Designator=R?
Change Component Designator: Old Designator=TP1 New Designator=TP?
Change Component Designator: Old Designator=TRIAC_drive1 New Designator=TRIAC_drive?
Change Component Designator: Old Designator=TRIAC_driver_IN1 New Designator=TRIAC_driver_IN?
