Change Component Physical Designator: Old Designator=*1 New Designator=*?
Change Component Physical Designator: Old Designator=+1 New Designator=+?
Change Component Physical Designator: Old Designator=+2 New Designator=+?
Change Component Physical Designator: Old Designator=C1_Designator1 New Designator=C?
Change Component Physical Designator: Old Designator=C1_Designator2 New Designator=C?
Change Component Physical Designator: Old Designator=C1_U_Current_sensor New Designator=C?
Change Component Physical Designator: Old Designator=C2_Designator1 New Designator=C?
Change Component Physical Designator: Old Designator=C2_Designator2 New Designator=C?
Change Component Physical Designator: Old Designator=C2_U_Current_sensor New Designator=C?
Change Component Physical Designator: Old Designator=C3_Designator1 New Designator=C?
Change Component Physical Designator: Old Designator=C3_Designator2 New Designator=C?
Change Component Physical Designator: Old Designator=C3_U_Current_sensor New Designator=C?
Change Component Physical Designator: Old Designator=C4_Designator1 New Designator=C?
Change Component Physical Designator: Old Designator=C4_Designator2 New Designator=C?
Change Component Physical Designator: Old Designator=C4_U_Current_sensor New Designator=C?
Change Component Physical Designator: Old Designator=C5_Designator1 New Designator=C?
Change Component Physical Designator: Old Designator=C5_Designator2 New Designator=C?
Change Component Physical Designator: Old Designator=C5_U_Current_sensor New Designator=C?
Change Component Physical Designator: Old Designator=C6_Designator1 New Designator=C?
Change Component Physical Designator: Old Designator=C6_Designator2 New Designator=C?
Change Component Physical Designator: Old Designator=C6_U_Current_sensor New Designator=C?
Change Component Physical Designator: Old Designator=C7_Designator1 New Designator=C?
Change Component Physical Designator: Old Designator=C7_Designator2 New Designator=C?
Change Component Physical Designator: Old Designator=C7_Designator3 New Designator=C?
Change Component Physical Designator: Old Designator=C8_Designator1 New Designator=C?
Change Component Physical Designator: Old Designator=C8_Designator2 New Designator=C?
Change Component Physical Designator: Old Designator=C8_Designator3 New Designator=C?
Change Component Physical Designator: Old Designator=C9_Designator1 New Designator=C?
Change Component Physical Designator: Old Designator=C9_Designator2 New Designator=C?
Change Component Physical Designator: Old Designator=C9_Designator3 New Designator=C?
Change Component Physical Designator: Old Designator=C10 New Designator=C?
Change Component Physical Designator: Old Designator=C11 New Designator=C?
Change Component Physical Designator: Old Designator=C12 New Designator=C?
Change Component Physical Designator: Old Designator=C13 New Designator=C?
Change Component Physical Designator: Old Designator=C14 New Designator=C?
Change Component Physical Designator: Old Designator=C_senseH_Designator1 New Designator=C_senseH?
Change Component Physical Designator: Old Designator=C_senseH_Designator2 New Designator=C_senseH?
Change Component Physical Designator: Old Designator=C_senseH_U_Current_sensor New Designator=C_senseH?
Change Component Physical Designator: Old Designator=C_senseN_Designator1 New Designator=C_senseN?
Change Component Physical Designator: Old Designator=C_senseN_Designator2 New Designator=C_senseN?
Change Component Physical Designator: Old Designator=C_senseN_U_Current_sensor New Designator=C_senseN?
Change Component Physical Designator: Old Designator=C_senseVccH_Designator1 New Designator=C_senseVccH?
Change Component Physical Designator: Old Designator=C_senseVccH_Designator2 New Designator=C_senseVccH?
Change Component Physical Designator: Old Designator=C_senseVccH_U_Current_sensor New Designator=C_senseVccH?
Change Component Physical Designator: Old Designator=C_senseVccN_Designator1 New Designator=C_senseVccN?
Change Component Physical Designator: Old Designator=C_senseVccN_Designator2 New Designator=C_senseVccN?
Change Component Physical Designator: Old Designator=C_senseVccN_U_Current_sensor New Designator=C_senseVccN?
Change Component Physical Designator: Old Designator=D1 New Designator=D?
Change Component Physical Designator: Old Designator=D2 New Designator=D?
Change Component Physical Designator: Old Designator=D3_Designator1 New Designator=D?
Change Component Physical Designator: Old Designator=D3_Designator2 New Designator=D?
Change Component Physical Designator: Old Designator=D3_Designator3 New Designator=D?
Change Component Physical Designator: Old Designator=D4_Designator1 New Designator=D?
Change Component Physical Designator: Old Designator=D4_Designator2 New Designator=D?
Change Component Physical Designator: Old Designator=D4_Designator3 New Designator=D?
Change Component Physical Designator: Old Designator=D5_Designator1 New Designator=D?
Change Component Physical Designator: Old Designator=D5_Designator2 New Designator=D?
Change Component Physical Designator: Old Designator=D5_Designator3 New Designator=D?
Change Component Physical Designator: Old Designator=P1 New Designator=P?
Change Component Physical Designator: Old Designator=P2 New Designator=P?
Change Component Physical Designator: Old Designator=PS1 New Designator=PS?
Change Component Physical Designator: Old Designator=Q5_Designator1 New Designator=Q?
Change Component Physical Designator: Old Designator=Q5_Designator2 New Designator=Q?
Change Component Physical Designator: Old Designator=Q5_Designator3 New Designator=Q?
Change Component Physical Designator: Old Designator=Q6_Designator1 New Designator=Q?
Change Component Physical Designator: Old Designator=Q6_Designator2 New Designator=Q?
Change Component Physical Designator: Old Designator=Q6_Designator3 New Designator=Q?
Change Component Physical Designator: Old Designator=Q7_Designator1 New Designator=Q?
Change Component Physical Designator: Old Designator=Q7_Designator2 New Designator=Q?
Change Component Physical Designator: Old Designator=Q7_Designator3 New Designator=Q?
Change Component Physical Designator: Old Designator=R3_Designator1 New Designator=R?
Change Component Physical Designator: Old Designator=R3_Designator2 New Designator=R?
Change Component Physical Designator: Old Designator=R3_U_Current_sensor New Designator=R?
Change Component Physical Designator: Old Designator=R4_Designator1 New Designator=R?
Change Component Physical Designator: Old Designator=R4_Designator2 New Designator=R?
Change Component Physical Designator: Old Designator=R4_U_Current_sensor New Designator=R?
Change Component Physical Designator: Old Designator=R5 New Designator=R?
Change Component Physical Designator: Old Designator=R6 New Designator=R?
Change Component Physical Designator: Old Designator=R7_Designator1 New Designator=R?
Change Component Physical Designator: Old Designator=R7_Designator2 New Designator=R?
Change Component Physical Designator: Old Designator=R7_Designator3 New Designator=R?
Change Component Physical Designator: Old Designator=R8_Designator1 New Designator=R?
Change Component Physical Designator: Old Designator=R8_Designator2 New Designator=R?
Change Component Physical Designator: Old Designator=R8_Designator3 New Designator=R?
Change Component Physical Designator: Old Designator=R9_Designator1 New Designator=R?
Change Component Physical Designator: Old Designator=R9_Designator2 New Designator=R?
Change Component Physical Designator: Old Designator=R9_Designator3 New Designator=R?
Change Component Physical Designator: Old Designator=R10_Designator1 New Designator=R?
Change Component Physical Designator: Old Designator=R10_Designator2 New Designator=R?
Change Component Physical Designator: Old Designator=R10_Designator3 New Designator=R?
Change Component Physical Designator: Old Designator=R11_Designator1 New Designator=R?
Change Component Physical Designator: Old Designator=R11_Designator2 New Designator=R?
Change Component Physical Designator: Old Designator=R11_Designator3 New Designator=R?
Change Component Physical Designator: Old Designator=R12_Designator1 New Designator=R?
Change Component Physical Designator: Old Designator=R12_Designator2 New Designator=R?
Change Component Physical Designator: Old Designator=R12_Designator3 New Designator=R?
Change Component Physical Designator: Old Designator=R13_Designator1 New Designator=R?
Change Component Physical Designator: Old Designator=R13_Designator2 New Designator=R?
Change Component Physical Designator: Old Designator=R13_Designator3 New Designator=R?
Change Component Physical Designator: Old Designator=R14_Designator1 New Designator=R?
Change Component Physical Designator: Old Designator=R14_Designator2 New Designator=R?
Change Component Physical Designator: Old Designator=R14_Designator3 New Designator=R?
Change Component Physical Designator: Old Designator=R15_Designator1 New Designator=R?
Change Component Physical Designator: Old Designator=R15_Designator2 New Designator=R?
Change Component Physical Designator: Old Designator=R15_U_Current_sensor New Designator=R?
Change Component Physical Designator: Old Designator=R16_Designator1 New Designator=R?
Change Component Physical Designator: Old Designator=R16_Designator2 New Designator=R?
Change Component Physical Designator: Old Designator=R16_U_Current_sensor New Designator=R?
Change Component Physical Designator: Old Designator=R17_Designator1 New Designator=R?
Change Component Physical Designator: Old Designator=R17_Designator2 New Designator=R?
Change Component Physical Designator: Old Designator=R17_U_Current_sensor New Designator=R?
Change Component Physical Designator: Old Designator=R18_Designator1 New Designator=R?
Change Component Physical Designator: Old Designator=R18_Designator2 New Designator=R?
Change Component Physical Designator: Old Designator=R18_U_Current_sensor New Designator=R?
Change Component Physical Designator: Old Designator=R19_Designator1 New Designator=R?
Change Component Physical Designator: Old Designator=R19_Designator2 New Designator=R?
Change Component Physical Designator: Old Designator=R19_U_Current_sensor New Designator=R?
Change Component Physical Designator: Old Designator=R20_Designator1 New Designator=R?
Change Component Physical Designator: Old Designator=R20_Designator2 New Designator=R?
Change Component Physical Designator: Old Designator=R20_U_Current_sensor New Designator=R?
Change Component Physical Designator: Old Designator=R21_Designator1 New Designator=R?
Change Component Physical Designator: Old Designator=R21_Designator2 New Designator=R?
Change Component Physical Designator: Old Designator=R21_Designator3 New Designator=R?
Change Component Physical Designator: Old Designator=R22_Designator1 New Designator=R?
Change Component Physical Designator: Old Designator=R22_Designator2 New Designator=R?
Change Component Physical Designator: Old Designator=R22_Designator3 New Designator=R?
Change Component Physical Designator: Old Designator=R23_Designator1 New Designator=R?
Change Component Physical Designator: Old Designator=R23_Designator2 New Designator=R?
Change Component Physical Designator: Old Designator=R23_Designator3 New Designator=R?
Change Component Physical Designator: Old Designator=R24_Designator1 New Designator=R?
Change Component Physical Designator: Old Designator=R24_Designator2 New Designator=R?
Change Component Physical Designator: Old Designator=R24_Designator3 New Designator=R?
Change Component Physical Designator: Old Designator=R25_Designator1 New Designator=R?
Change Component Physical Designator: Old Designator=R25_Designator2 New Designator=R?
Change Component Physical Designator: Old Designator=R25_Designator3 New Designator=R?
Change Component Physical Designator: Old Designator=R26_Designator1 New Designator=R?
Change Component Physical Designator: Old Designator=R26_Designator2 New Designator=R?
Change Component Physical Designator: Old Designator=R26_Designator3 New Designator=R?
Change Component Physical Designator: Old Designator=R27_Designator1 New Designator=R?
Change Component Physical Designator: Old Designator=R27_Designator2 New Designator=R?
Change Component Physical Designator: Old Designator=R27_Designator3 New Designator=R?
Change Component Physical Designator: Old Designator=R28_Designator1 New Designator=R?
Change Component Physical Designator: Old Designator=R28_Designator2 New Designator=R?
Change Component Physical Designator: Old Designator=R28_Designator3 New Designator=R?
Change Component Physical Designator: Old Designator=R29_Designator1 New Designator=R?
Change Component Physical Designator: Old Designator=R29_Designator2 New Designator=R?
Change Component Physical Designator: Old Designator=R29_Designator3 New Designator=R?
Change Component Physical Designator: Old Designator=R30_Designator1 New Designator=R?
Change Component Physical Designator: Old Designator=R30_Designator2 New Designator=R?
Change Component Physical Designator: Old Designator=R30_Designator3 New Designator=R?
Change Component Physical Designator: Old Designator=R31_Designator1 New Designator=R?
Change Component Physical Designator: Old Designator=R31_Designator2 New Designator=R?
Change Component Physical Designator: Old Designator=R31_Designator3 New Designator=R?
Change Component Physical Designator: Old Designator=R32_Designator1 New Designator=R?
Change Component Physical Designator: Old Designator=R32_Designator2 New Designator=R?
Change Component Physical Designator: Old Designator=R32_Designator3 New Designator=R?
Change Component Physical Designator: Old Designator=R33 New Designator=R?
Change Component Physical Designator: Old Designator=R34 New Designator=R?
Change Component Physical Designator: Old Designator=U1_Designator1 New Designator=U?
Change Component Physical Designator: Old Designator=U1_Designator2 New Designator=U?
Change Component Physical Designator: Old Designator=U1_U_Current_sensor New Designator=U?
Change Component Physical Designator: Old Designator=U2_Designator1 New Designator=U?
Change Component Physical Designator: Old Designator=U2_Designator2 New Designator=U?
Change Component Physical Designator: Old Designator=U2_U_Current_sensor New Designator=U?
Change Component Physical Designator: Old Designator=U3 New Designator=U?
Change Component Physical Designator: Old Designator=U4_Designator1 New Designator=U?
Change Component Physical Designator: Old Designator=U4_Designator2 New Designator=U?
Change Component Physical Designator: Old Designator=U4_Designator3 New Designator=U?
Change Component Physical Designator: Old Designator=U5_Designator1 New Designator=U?
Change Component Physical Designator: Old Designator=U5_Designator2 New Designator=U?
Change Component Physical Designator: Old Designator=U5_Designator3 New Designator=U?
Change Component Physical Designator: Old Designator=U6_Designator1 New Designator=U?
Change Component Physical Designator: Old Designator=U6_Designator2 New Designator=U?
Change Component Physical Designator: Old Designator=U6_U_Current_sensor New Designator=U?
Change Component Physical Designator: Old Designator=U7_Designator1 New Designator=U?
Change Component Physical Designator: Old Designator=U7_Designator2 New Designator=U?
Change Component Physical Designator: Old Designator=U7_U_Current_sensor New Designator=U?
Change Component Physical Designator: Old Designator=U8_Designator1 New Designator=U?
Change Component Physical Designator: Old Designator=U8_Designator2 New Designator=U?
Change Component Physical Designator: Old Designator=U8_Designator3 New Designator=U?
Change Component Physical Designator: Old Designator=U9 New Designator=U?
Change Component Physical Designator: Old Designator=U10 New Designator=U?
Change Component Physical Designator: Old Designator=V_senseH1_Designator1 New Designator=V_senseH?
Change Component Physical Designator: Old Designator=V_senseH1_Designator2 New Designator=V_senseH?
Change Component Physical Designator: Old Designator=V_senseH1_Designator3 New Designator=V_senseH?
Change Component Physical Designator: Old Designator=V_senseN1_Designator1 New Designator=V_senseN?
Change Component Physical Designator: Old Designator=V_senseN1_Designator2 New Designator=V_senseN?
Change Component Physical Designator: Old Designator=V_senseN1_Designator3 New Designator=V_senseN?
Change Component Physical Designator: Old Designator=V_senseN2_Designator1 New Designator=V_senseN?
Change Component Physical Designator: Old Designator=V_senseN2_Designator2 New Designator=V_senseN?
Change Component Physical Designator: Old Designator=V_senseN2_Designator3 New Designator=V_senseN?
Change Component Physical Designator: Old Designator=V_senseVccG1_Designator1 New Designator=V_senseVccG?
Change Component Physical Designator: Old Designator=V_senseVccG1_Designator2 New Designator=V_senseVccG?
Change Component Physical Designator: Old Designator=V_senseVccG1_Designator3 New Designator=V_senseVccG?
Change Component Physical Designator: Old Designator=V_senseVccH1_Designator1 New Designator=V_senseVccH?
Change Component Physical Designator: Old Designator=V_senseVccH1_Designator2 New Designator=V_senseVccH?
Change Component Physical Designator: Old Designator=V_senseVccH1_Designator3 New Designator=V_senseVccH?
Change Component Physical Designator: Old Designator=V_senseVccN1_Designator1 New Designator=V_senseVccN?
Change Component Physical Designator: Old Designator=V_senseVccN1_Designator2 New Designator=V_senseVccN?
Change Component Physical Designator: Old Designator=V_senseVccN1_Designator3 New Designator=V_senseVccN?
Change Component Physical Designator: Old Designator=Vdiv_G1_Designator1 New Designator=Vdiv_G?
Change Component Physical Designator: Old Designator=Vdiv_G1_Designator2 New Designator=Vdiv_G?
Change Component Physical Designator: Old Designator=Vdiv_G1_Designator3 New Designator=Vdiv_G?
Change Component Physical Designator: Old Designator=Vdiv_H1_Designator1 New Designator=Vdiv_H?
Change Component Physical Designator: Old Designator=Vdiv_H1_Designator2 New Designator=Vdiv_H?
Change Component Physical Designator: Old Designator=Vdiv_H1_Designator3 New Designator=Vdiv_H?
Change Component Physical Designator: Old Designator=Vdiv_N1_Designator1 New Designator=Vdiv_N?
Change Component Physical Designator: Old Designator=Vdiv_N1_Designator2 New Designator=Vdiv_N?
Change Component Physical Designator: Old Designator=Vdiv_N1_Designator3 New Designator=Vdiv_N?
Change Component Physical Designator: Old Designator=Vsense_G1_Designator1 New Designator=Vsense_G?
Change Component Physical Designator: Old Designator=Vsense_G1_Designator2 New Designator=Vsense_G?
Change Component Physical Designator: Old Designator=Vsense_G1_Designator3 New Designator=Vsense_G?
Change Component Physical Designator: Old Designator=Vsense_H1_Designator1 New Designator=Vsense_H?
Change Component Physical Designator: Old Designator=Vsense_H1_Designator2 New Designator=Vsense_H?
Change Component Physical Designator: Old Designator=Vsense_H1_Designator3 New Designator=Vsense_H?
Change Component Physical Designator: Old Designator=Vsense_N1_Designator1 New Designator=Vsense_N?
Change Component Physical Designator: Old Designator=Vsense_N1_Designator2 New Designator=Vsense_N?
Change Component Physical Designator: Old Designator=Vsense_N1_Designator3 New Designator=Vsense_N?
