Change Component Physical Designator: Old Designator=C_senseH1 New Designator=C_senseH
Change Component Physical Designator: Old Designator=C_senseH1 New Designator=C_senseH
Change Component Physical Designator: Old Designator=C_senseH1 New Designator=C_senseH
Change Component Physical Designator: Old Designator=C_senseN1 New Designator=C_senseN
Change Component Physical Designator: Old Designator=C_senseN1 New Designator=C_senseN
Change Component Physical Designator: Old Designator=C_senseN1 New Designator=C_senseN
Change Component Physical Designator: Old Designator=C_senseVccH1 New Designator=C_senseVccH
Change Component Physical Designator: Old Designator=C_senseVccH1 New Designator=C_senseVccH
Change Component Physical Designator: Old Designator=C_senseVccH1 New Designator=C_senseVccH
Change Component Physical Designator: Old Designator=C_senseVccN1 New Designator=C_senseVccN
Change Component Physical Designator: Old Designator=C_senseVccN1 New Designator=C_senseVccN
Change Component Physical Designator: Old Designator=C_senseVccN1 New Designator=C_senseVccN
Change Component Physical Designator: Old Designator=HOT_afterTRIAC1 New Designator=HOT_afterTRIAC
Change Component Physical Designator: Old Designator=Hot_Grid1 New Designator=Hot_Grid
Change Component Physical Designator: Old Designator=N_afterTRIAC1 New Designator=N_afterTRIAC
Change Component Physical Designator: Old Designator=N_Load1 New Designator=N_Load
Change Component Physical Designator: Old Designator=Neutral_Grid1 New Designator=Neutral_Grid
Change Component Physical Designator: Old Designator=TRIAC_drive1 New Designator=TRIAC_drive
Change Component Physical Designator: Old Designator=TRIAC_driver_IN1 New Designator=TRIAC_driver_IN
Change Component Physical Designator: Old Designator=V_senseH1 New Designator=V_senseH
Change Component Physical Designator: Old Designator=V_senseH1 New Designator=V_senseH
Change Component Physical Designator: Old Designator=V_senseH1 New Designator=V_senseH
Change Component Physical Designator: Old Designator=V_senseN1 New Designator=V_senseN
Change Component Physical Designator: Old Designator=V_senseN1 New Designator=V_senseN
Change Component Physical Designator: Old Designator=V_senseN1 New Designator=V_senseN
Change Component Physical Designator: Old Designator=V_senseN2 New Designator=V_senseN
Change Component Physical Designator: Old Designator=V_senseN2 New Designator=V_senseN
Change Component Physical Designator: Old Designator=V_senseN2 New Designator=V_senseN
Change Component Physical Designator: Old Designator=V_senseVccG1 New Designator=V_senseVccG
Change Component Physical Designator: Old Designator=V_senseVccG1 New Designator=V_senseVccG
Change Component Physical Designator: Old Designator=V_senseVccG1 New Designator=V_senseVccG
Change Component Physical Designator: Old Designator=V_senseVccH1 New Designator=V_senseVccH
Change Component Physical Designator: Old Designator=V_senseVccH1 New Designator=V_senseVccH
Change Component Physical Designator: Old Designator=V_senseVccH1 New Designator=V_senseVccH
Change Component Physical Designator: Old Designator=V_senseVccN1 New Designator=V_senseVccN
Change Component Physical Designator: Old Designator=V_senseVccN1 New Designator=V_senseVccN
Change Component Physical Designator: Old Designator=V_senseVccN1 New Designator=V_senseVccN
Change Component Physical Designator: Old Designator=Vdiv_G1 New Designator=Vdiv_G
Change Component Physical Designator: Old Designator=Vdiv_G1 New Designator=Vdiv_G
Change Component Physical Designator: Old Designator=Vdiv_G1 New Designator=Vdiv_G
Change Component Physical Designator: Old Designator=Vdiv_H1 New Designator=Vdiv_H
Change Component Physical Designator: Old Designator=Vdiv_H1 New Designator=Vdiv_H
Change Component Physical Designator: Old Designator=Vdiv_H1 New Designator=Vdiv_H
Change Component Physical Designator: Old Designator=Vdiv_N1 New Designator=Vdiv_N
Change Component Physical Designator: Old Designator=Vdiv_N1 New Designator=Vdiv_N
Change Component Physical Designator: Old Designator=Vdiv_N1 New Designator=Vdiv_N
Change Component Physical Designator: Old Designator=Vsense_G1 New Designator=Vsense_G
Change Component Physical Designator: Old Designator=Vsense_G1 New Designator=Vsense_G
Change Component Physical Designator: Old Designator=Vsense_G1 New Designator=Vsense_G
Change Component Physical Designator: Old Designator=Vsense_N1 New Designator=Vsense_N
Change Component Physical Designator: Old Designator=Vsense_N1 New Designator=Vsense_N
Change Component Physical Designator: Old Designator=Vsense_N1 New Designator=Vsense_N
