Change Component Physical Designator: Old Designator=*?. New Designator=*?
Change Component Physical Designator: Old Designator=+?. New Designator=+?
Change Component Physical Designator: Old Designator=+?. New Designator=+?
Change Component Physical Designator: Old Designator=C?. New Designator=C?
Change Component Physical Designator: Old Designator=C?. New Designator=C?
Change Component Physical Designator: Old Designator=C?. New Designator=C?
Change Component Physical Designator: Old Designator=C?. New Designator=C?
Change Component Physical Designator: Old Designator=C?. New Designator=C?
Change Component Physical Designator: Old Designator=C?. New Designator=C?
Change Component Physical Designator: Old Designator=C?. New Designator=C?
Change Component Physical Designator: Old Designator=C?. New Designator=C?
Change Component Physical Designator: Old Designator=C?. New Designator=C?
Change Component Physical Designator: Old Designator=C?. New Designator=C?
Change Component Physical Designator: Old Designator=C?. New Designator=C?
Change Component Physical Designator: Old Designator=C?. New Designator=C?
Change Component Physical Designator: Old Designator=C?. New Designator=C?
Change Component Physical Designator: Old Designator=C?. New Designator=C?
Change Component Physical Designator: Old Designator=C?. New Designator=C?
Change Component Physical Designator: Old Designator=C?. New Designator=C?
Change Component Physical Designator: Old Designator=C?. New Designator=C?
Change Component Physical Designator: Old Designator=C?. New Designator=C?
Change Component Physical Designator: Old Designator=C?. New Designator=C?
Change Component Physical Designator: Old Designator=C?. New Designator=C?
Change Component Physical Designator: Old Designator=C?. New Designator=C?
Change Component Physical Designator: Old Designator=C?. New Designator=C?
Change Component Physical Designator: Old Designator=C?. New Designator=C?
Change Component Physical Designator: Old Designator=C?. New Designator=C?
Change Component Physical Designator: Old Designator=C?. New Designator=C?
Change Component Physical Designator: Old Designator=C?. New Designator=C?
Change Component Physical Designator: Old Designator=C?. New Designator=C?
Change Component Physical Designator: Old Designator=C?. New Designator=C?
Change Component Physical Designator: Old Designator=C?. New Designator=C?
Change Component Physical Designator: Old Designator=C?. New Designator=C?
Change Component Physical Designator: Old Designator=C?. New Designator=C?
Change Component Physical Designator: Old Designator=C?. New Designator=C?
Change Component Physical Designator: Old Designator=C_senseH?. New Designator=C_senseH?
Change Component Physical Designator: Old Designator=C_senseH?. New Designator=C_senseH?
Change Component Physical Designator: Old Designator=C_senseH?. New Designator=C_senseH?
Change Component Physical Designator: Old Designator=C_senseN?. New Designator=C_senseN?
Change Component Physical Designator: Old Designator=C_senseN?. New Designator=C_senseN?
Change Component Physical Designator: Old Designator=C_senseN?. New Designator=C_senseN?
Change Component Physical Designator: Old Designator=C_senseVccH?. New Designator=C_senseVccH?
Change Component Physical Designator: Old Designator=C_senseVccH?. New Designator=C_senseVccH?
Change Component Physical Designator: Old Designator=C_senseVccH?. New Designator=C_senseVccH?
Change Component Physical Designator: Old Designator=C_senseVccN?. New Designator=C_senseVccN?
Change Component Physical Designator: Old Designator=C_senseVccN?. New Designator=C_senseVccN?
Change Component Physical Designator: Old Designator=C_senseVccN?. New Designator=C_senseVccN?
Change Component Physical Designator: Old Designator=D?. New Designator=D?
Change Component Physical Designator: Old Designator=D?. New Designator=D?
Change Component Physical Designator: Old Designator=D?. New Designator=D?
Change Component Physical Designator: Old Designator=D?. New Designator=D?
Change Component Physical Designator: Old Designator=D?. New Designator=D?
Change Component Physical Designator: Old Designator=D?. New Designator=D?
Change Component Physical Designator: Old Designator=D?. New Designator=D?
Change Component Physical Designator: Old Designator=D?. New Designator=D?
Change Component Physical Designator: Old Designator=D?. New Designator=D?
Change Component Physical Designator: Old Designator=D?. New Designator=D?
Change Component Physical Designator: Old Designator=D?. New Designator=D?
Change Component Physical Designator: Old Designator=H_load?. New Designator=H_load?
Change Component Physical Designator: Old Designator=HOT_afterTRIAC?. New Designator=HOT_afterTRIAC?
Change Component Physical Designator: Old Designator=Hot_Grid?. New Designator=Hot_Grid?
Change Component Physical Designator: Old Designator=J?. New Designator=J?
Change Component Physical Designator: Old Designator=J?. New Designator=J?
Change Component Physical Designator: Old Designator=J?. New Designator=J?
Change Component Physical Designator: Old Designator=J?. New Designator=J?
Change Component Physical Designator: Old Designator=J?. New Designator=J?
Change Component Physical Designator: Old Designator=J?. New Designator=J?
Change Component Physical Designator: Old Designator=J?. New Designator=J?
Change Component Physical Designator: Old Designator=J?. New Designator=J?
Change Component Physical Designator: Old Designator=N_afterTRIAC?. New Designator=N_afterTRIAC?
Change Component Physical Designator: Old Designator=N_Load?. New Designator=N_Load?
Change Component Physical Designator: Old Designator=Neutral_Grid?. New Designator=Neutral_Grid?
Change Component Physical Designator: Old Designator=P?. New Designator=P?
Change Component Physical Designator: Old Designator=P?. New Designator=P?
Change Component Physical Designator: Old Designator=PS?. New Designator=PS?
Change Component Physical Designator: Old Designator=Q?. New Designator=Q?
Change Component Physical Designator: Old Designator=Q?. New Designator=Q?
Change Component Physical Designator: Old Designator=Q?. New Designator=Q?
Change Component Physical Designator: Old Designator=Q?. New Designator=Q?
Change Component Physical Designator: Old Designator=Q?. New Designator=Q?
Change Component Physical Designator: Old Designator=Q?. New Designator=Q?
Change Component Physical Designator: Old Designator=Q?. New Designator=Q?
Change Component Physical Designator: Old Designator=Q?. New Designator=Q?
Change Component Physical Designator: Old Designator=Q?. New Designator=Q?
Change Component Physical Designator: Old Designator=Q?. New Designator=Q?
Change Component Physical Designator: Old Designator=Q?. New Designator=Q?
Change Component Physical Designator: Old Designator=Q?. New Designator=Q?
Change Component Physical Designator: Old Designator=Q?. New Designator=Q?
Change Component Physical Designator: Old Designator=R?. New Designator=R?
Change Component Physical Designator: Old Designator=R?. New Designator=R?
Change Component Physical Designator: Old Designator=R?. New Designator=R?
Change Component Physical Designator: Old Designator=R?. New Designator=R?
Change Component Physical Designator: Old Designator=R?. New Designator=R?
Change Component Physical Designator: Old Designator=R?. New Designator=R?
Change Component Physical Designator: Old Designator=R?. New Designator=R?
Change Component Physical Designator: Old Designator=R?. New Designator=R?
Change Component Physical Designator: Old Designator=R?. New Designator=R?
Change Component Physical Designator: Old Designator=R?. New Designator=R?
Change Component Physical Designator: Old Designator=R?. New Designator=R?
Change Component Physical Designator: Old Designator=R?. New Designator=R?
Change Component Physical Designator: Old Designator=R?. New Designator=R?
Change Component Physical Designator: Old Designator=R?. New Designator=R?
Change Component Physical Designator: Old Designator=R?. New Designator=R?
Change Component Physical Designator: Old Designator=R?. New Designator=R?
Change Component Physical Designator: Old Designator=R?. New Designator=R?
Change Component Physical Designator: Old Designator=R?. New Designator=R?
Change Component Physical Designator: Old Designator=R?. New Designator=R?
Change Component Physical Designator: Old Designator=R?. New Designator=R?
Change Component Physical Designator: Old Designator=R?. New Designator=R?
Change Component Physical Designator: Old Designator=R?. New Designator=R?
Change Component Physical Designator: Old Designator=R?. New Designator=R?
Change Component Physical Designator: Old Designator=R?. New Designator=R?
Change Component Physical Designator: Old Designator=R?. New Designator=R?
Change Component Physical Designator: Old Designator=R?. New Designator=R?
Change Component Physical Designator: Old Designator=R?. New Designator=R?
Change Component Physical Designator: Old Designator=R?. New Designator=R?
Change Component Physical Designator: Old Designator=R?. New Designator=R?
Change Component Physical Designator: Old Designator=R?. New Designator=R?
Change Component Physical Designator: Old Designator=R?. New Designator=R?
Change Component Physical Designator: Old Designator=R?. New Designator=R?
Change Component Physical Designator: Old Designator=R?. New Designator=R?
Change Component Physical Designator: Old Designator=R?. New Designator=R?
Change Component Physical Designator: Old Designator=R?. New Designator=R?
Change Component Physical Designator: Old Designator=R?. New Designator=R?
Change Component Physical Designator: Old Designator=R?. New Designator=R?
Change Component Physical Designator: Old Designator=R?. New Designator=R?
Change Component Physical Designator: Old Designator=R?. New Designator=R?
Change Component Physical Designator: Old Designator=R?. New Designator=R?
Change Component Physical Designator: Old Designator=R?. New Designator=R?
Change Component Physical Designator: Old Designator=R?. New Designator=R?
Change Component Physical Designator: Old Designator=R?. New Designator=R?
Change Component Physical Designator: Old Designator=R?. New Designator=R?
Change Component Physical Designator: Old Designator=R?. New Designator=R?
Change Component Physical Designator: Old Designator=R?. New Designator=R?
Change Component Physical Designator: Old Designator=R?. New Designator=R?
Change Component Physical Designator: Old Designator=R?. New Designator=R?
Change Component Physical Designator: Old Designator=R?. New Designator=R?
Change Component Physical Designator: Old Designator=R?. New Designator=R?
Change Component Physical Designator: Old Designator=R?. New Designator=R?
Change Component Physical Designator: Old Designator=R?. New Designator=R?
Change Component Physical Designator: Old Designator=R?. New Designator=R?
Change Component Physical Designator: Old Designator=R?. New Designator=R?
Change Component Physical Designator: Old Designator=R?. New Designator=R?
Change Component Physical Designator: Old Designator=R?. New Designator=R?
Change Component Physical Designator: Old Designator=R?. New Designator=R?
Change Component Physical Designator: Old Designator=R?. New Designator=R?
Change Component Physical Designator: Old Designator=R?. New Designator=R?
Change Component Physical Designator: Old Designator=R?. New Designator=R?
Change Component Physical Designator: Old Designator=R?. New Designator=R?
Change Component Physical Designator: Old Designator=R?. New Designator=R?
Change Component Physical Designator: Old Designator=R?. New Designator=R?
Change Component Physical Designator: Old Designator=R?. New Designator=R?
Change Component Physical Designator: Old Designator=R?. New Designator=R?
Change Component Physical Designator: Old Designator=R?. New Designator=R?
Change Component Physical Designator: Old Designator=R?. New Designator=R?
Change Component Physical Designator: Old Designator=R?. New Designator=R?
Change Component Physical Designator: Old Designator=R?. New Designator=R?
Change Component Physical Designator: Old Designator=R?. New Designator=R?
Change Component Physical Designator: Old Designator=R?. New Designator=R?
Change Component Physical Designator: Old Designator=R?. New Designator=R?
Change Component Physical Designator: Old Designator=R?. New Designator=R?
Change Component Physical Designator: Old Designator=R?. New Designator=R?
Change Component Physical Designator: Old Designator=R?. New Designator=R?
Change Component Physical Designator: Old Designator=R?. New Designator=R?
Change Component Physical Designator: Old Designator=R?. New Designator=R?
Change Component Physical Designator: Old Designator=R?. New Designator=R?
Change Component Physical Designator: Old Designator=R?. New Designator=R?
Change Component Physical Designator: Old Designator=R?. New Designator=R?
Change Component Physical Designator: Old Designator=R?. New Designator=R?
Change Component Physical Designator: Old Designator=R?. New Designator=R?
Change Component Physical Designator: Old Designator=R?. New Designator=R?
Change Component Physical Designator: Old Designator=R?. New Designator=R?
Change Component Physical Designator: Old Designator=R?. New Designator=R?
Change Component Physical Designator: Old Designator=R?. New Designator=R?
Change Component Physical Designator: Old Designator=R?. New Designator=R?
Change Component Physical Designator: Old Designator=R?. New Designator=R?
Change Component Physical Designator: Old Designator=R?. New Designator=R?
Change Component Physical Designator: Old Designator=R?. New Designator=R?
Change Component Physical Designator: Old Designator=TP?. New Designator=TP?
Change Component Physical Designator: Old Designator=TRIAC_drive?. New Designator=TRIAC_drive?
Change Component Physical Designator: Old Designator=TRIAC_driver_IN?. New Designator=TRIAC_driver_IN?
Change Component Physical Designator: Old Designator=U?. New Designator=U?
Change Component Physical Designator: Old Designator=U?. New Designator=U?
Change Component Physical Designator: Old Designator=U?. New Designator=U?
Change Component Physical Designator: Old Designator=U?. New Designator=U?
Change Component Physical Designator: Old Designator=U?. New Designator=U?
Change Component Physical Designator: Old Designator=U?. New Designator=U?
Change Component Physical Designator: Old Designator=U?. New Designator=U?
Change Component Physical Designator: Old Designator=U?. New Designator=U?
Change Component Physical Designator: Old Designator=U?. New Designator=U?
Change Component Physical Designator: Old Designator=U?. New Designator=U?
Change Component Physical Designator: Old Designator=U?. New Designator=U?
Change Component Physical Designator: Old Designator=U?. New Designator=U?
Change Component Physical Designator: Old Designator=U?. New Designator=U?
Change Component Physical Designator: Old Designator=U?. New Designator=U?
Change Component Physical Designator: Old Designator=U?. New Designator=U?
Change Component Physical Designator: Old Designator=U?. New Designator=U?
Change Component Physical Designator: Old Designator=U?. New Designator=U?
Change Component Physical Designator: Old Designator=U?. New Designator=U?
Change Component Physical Designator: Old Designator=U?. New Designator=U?
Change Component Physical Designator: Old Designator=U?. New Designator=U?
Change Component Physical Designator: Old Designator=U?. New Designator=U?
Change Component Physical Designator: Old Designator=U?. New Designator=U?
Change Component Physical Designator: Old Designator=U?. New Designator=U?
Change Component Physical Designator: Old Designator=U?. New Designator=U?
Change Component Physical Designator: Old Designator=V_senseH?. New Designator=V_senseH?
Change Component Physical Designator: Old Designator=V_senseH?. New Designator=V_senseH?
Change Component Physical Designator: Old Designator=V_senseH?. New Designator=V_senseH?
Change Component Physical Designator: Old Designator=V_senseN?. New Designator=V_senseN?
Change Component Physical Designator: Old Designator=V_senseN?. New Designator=V_senseN?
Change Component Physical Designator: Old Designator=V_senseN?. New Designator=V_senseN?
Change Component Physical Designator: Old Designator=V_senseN?. New Designator=V_senseN?
Change Component Physical Designator: Old Designator=V_senseN?. New Designator=V_senseN?
Change Component Physical Designator: Old Designator=V_senseN?. New Designator=V_senseN?
Change Component Physical Designator: Old Designator=V_senseVccG?. New Designator=V_senseVccG?
Change Component Physical Designator: Old Designator=V_senseVccG?. New Designator=V_senseVccG?
Change Component Physical Designator: Old Designator=V_senseVccG?. New Designator=V_senseVccG?
Change Component Physical Designator: Old Designator=V_senseVccH?. New Designator=V_senseVccH?
Change Component Physical Designator: Old Designator=V_senseVccH?. New Designator=V_senseVccH?
Change Component Physical Designator: Old Designator=V_senseVccH?. New Designator=V_senseVccH?
Change Component Physical Designator: Old Designator=V_senseVccN?. New Designator=V_senseVccN?
Change Component Physical Designator: Old Designator=V_senseVccN?. New Designator=V_senseVccN?
Change Component Physical Designator: Old Designator=V_senseVccN?. New Designator=V_senseVccN?
Change Component Physical Designator: Old Designator=Vdiv_G?. New Designator=Vdiv_G?
Change Component Physical Designator: Old Designator=Vdiv_G?. New Designator=Vdiv_G?
Change Component Physical Designator: Old Designator=Vdiv_G?. New Designator=Vdiv_G?
Change Component Physical Designator: Old Designator=Vdiv_H?. New Designator=Vdiv_H?
Change Component Physical Designator: Old Designator=Vdiv_H?. New Designator=Vdiv_H?
Change Component Physical Designator: Old Designator=Vdiv_H?. New Designator=Vdiv_H?
Change Component Physical Designator: Old Designator=Vdiv_N?. New Designator=Vdiv_N?
Change Component Physical Designator: Old Designator=Vdiv_N?. New Designator=Vdiv_N?
Change Component Physical Designator: Old Designator=Vdiv_N?. New Designator=Vdiv_N?
Change Component Physical Designator: Old Designator=Vsense_G?. New Designator=Vsense_G?
Change Component Physical Designator: Old Designator=Vsense_G?. New Designator=Vsense_G?
Change Component Physical Designator: Old Designator=Vsense_G?. New Designator=Vsense_G?
Change Component Physical Designator: Old Designator=Vsense_H?. New Designator=Vsense_H?
Change Component Physical Designator: Old Designator=Vsense_H?. New Designator=Vsense_H?
Change Component Physical Designator: Old Designator=Vsense_H?. New Designator=Vsense_H?
Change Component Physical Designator: Old Designator=Vsense_N?. New Designator=Vsense_N?
Change Component Physical Designator: Old Designator=Vsense_N?. New Designator=Vsense_N?
Change Component Physical Designator: Old Designator=Vsense_N?. New Designator=Vsense_N?
