Removed Pin From Net: NetName=H_Grid Pin=H_grid-1
Removed Pin From Net: NetName=N_Grid Pin=J3-4
Removed Pin From Net: NetName=N_Grid Pin=J7-1
Removed Pin From Net: NetName=N_Grid Pin=Neutral_Grid-1
Removed Pin From Net: NetName=N_Grid Pin=Q3-2
Removed Pin From Net: NetName=H_Grid Pin=R17-1
Removed Pin From Net: NetName=H_Grid Pin=RP1-2
Removed Pin From Net: NetName=H_Grid Pin=RX1-2
Removed Pin From Net: NetName=CurrentSensor_input_HOT Pin=U2-1
Removed Pin From Net: NetName=CurrentSensor_input_HOT Pin=U2-2
Removed Pin From Net: NetName=CurrentSensor_output_HOT Pin=U2-3
Removed Pin From Net: NetName=CurrentSensor_output_HOT Pin=U2-4
Removed Pin From Net: NetName=CurrentSensor_input_NEUTRAL Pin=U4-1
Removed Pin From Net: NetName=CurrentSensor_input_NEUTRAL Pin=U4-2
Removed Pin From Net: NetName=CurrentSensor_output_NEUTRAL Pin=U4-3
Removed Pin From Net: NetName=CurrentSensor_output_NEUTRAL Pin=U4-4
Removed Pin From Net: NetName=TRIAC_driver_high_NEUTRAL Pin=U5-25
Removed Pin From Net: NetName=TRIAC_driver_high_HOT Pin=U5-26
Added Pin To Net: NetName=NetC2_2 Pin=U5-4
Added Pin To Net: NetName=NetC5_2 Pin=U5-5
Added Pin To Net: NetName=NetC20_2 Pin=U5-6
Added Pin To Net: NetName=SCL Pin=U5-8
Added Pin To Net: NetName=SDA Pin=U5-9
Added Pin To Net: NetName=NetR16_1 Pin=U5-27
Change Net Name : Old Net Name=Hot_Grid New Net Name=NetPS1_5
Change Net Name : Old Net Name=N_Grid New Net Name=Neutral
Added Pin To Net: NetName=HOT Pin=H_grid-1
Added Pin To Net: NetName=HOT Pin=R17-1
Added Pin To Net: NetName=HOT Pin=RP1-2
Added Pin To Net: NetName=HOT Pin=RX1-2
Added Net: Name=HOT
Added Pin To Net: NetName=N_Grid Pin=J3-4
Added Pin To Net: NetName=N_Grid Pin=J7-1
Added Pin To Net: NetName=N_Grid Pin=Neutral_Grid-1
Added Pin To Net: NetName=N_Grid Pin=Q3-2
Added Net: Name=N_Grid
Added Pin To Net: NetName=NetU2_1 Pin=U2-1
Added Pin To Net: NetName=NetU2_1 Pin=U2-2
Added Net: Name=NetU2_1
Added Pin To Net: NetName=NetU2_3 Pin=U2-3
Added Pin To Net: NetName=NetU2_3 Pin=U2-4
Added Net: Name=NetU2_3
Added Pin To Net: NetName=NetU4_1 Pin=U4-1
Added Pin To Net: NetName=NetU4_1 Pin=U4-2
Added Net: Name=NetU4_1
Added Pin To Net: NetName=NetU4_3 Pin=U4-3
Added Pin To Net: NetName=NetU4_3 Pin=U4-4
Added Net: Name=NetU4_3
Added Pin To Net: NetName=NetU5_25 Pin=U5-25
Added Net: Name=NetU5_25
Added Pin To Net: NetName=NetU5_26 Pin=U5-26
Added Net: Name=NetU5_26
Change Class Name : Old Net Name=Designator New Net Name=RealTimeClock
