Change Component Physical Designator: Old Designator=*? New Designator=*1
Change Component Physical Designator: Old Designator=+? New Designator=+1
Change Component Physical Designator: Old Designator=+? New Designator=+2
Change Component Physical Designator: Old Designator=C? New Designator=C1
Change Component Physical Designator: Old Designator=C? New Designator=C1
Change Component Physical Designator: Old Designator=C? New Designator=C1
Change Component Physical Designator: Old Designator=C? New Designator=C2
Change Component Physical Designator: Old Designator=C? New Designator=C2
Change Component Physical Designator: Old Designator=C? New Designator=C2
Change Component Physical Designator: Old Designator=C? New Designator=C3
Change Component Physical Designator: Old Designator=C? New Designator=C3
Change Component Physical Designator: Old Designator=C? New Designator=C3
Change Component Physical Designator: Old Designator=C? New Designator=C4
Change Component Physical Designator: Old Designator=C? New Designator=C4
Change Component Physical Designator: Old Designator=C? New Designator=C4
Change Component Physical Designator: Old Designator=C? New Designator=C5
Change Component Physical Designator: Old Designator=C? New Designator=C5
Change Component Physical Designator: Old Designator=C? New Designator=C5
Change Component Physical Designator: Old Designator=C? New Designator=C6
Change Component Physical Designator: Old Designator=C? New Designator=C6
Change Component Physical Designator: Old Designator=C? New Designator=C6
Change Component Physical Designator: Old Designator=C? New Designator=C7
Change Component Physical Designator: Old Designator=C? New Designator=C7
Change Component Physical Designator: Old Designator=C? New Designator=C7
Change Component Physical Designator: Old Designator=C? New Designator=C8
Change Component Physical Designator: Old Designator=C? New Designator=C8
Change Component Physical Designator: Old Designator=C? New Designator=C8
Change Component Physical Designator: Old Designator=C? New Designator=C9
Change Component Physical Designator: Old Designator=C? New Designator=C9
Change Component Physical Designator: Old Designator=C? New Designator=C9
Change Component Physical Designator: Old Designator=C? New Designator=C10
Change Component Physical Designator: Old Designator=C? New Designator=C11
Change Component Physical Designator: Old Designator=C? New Designator=C12
Change Component Physical Designator: Old Designator=C? New Designator=C13
Change Component Physical Designator: Old Designator=C? New Designator=C14
Change Component Physical Designator: Old Designator=C_senseH? New Designator=C_senseH1
Change Component Physical Designator: Old Designator=C_senseH? New Designator=C_senseH1
Change Component Physical Designator: Old Designator=C_senseH? New Designator=C_senseH1
Change Component Physical Designator: Old Designator=C_senseN? New Designator=C_senseN1
Change Component Physical Designator: Old Designator=C_senseN? New Designator=C_senseN1
Change Component Physical Designator: Old Designator=C_senseN? New Designator=C_senseN1
Change Component Physical Designator: Old Designator=C_senseVccH? New Designator=C_senseVccH1
Change Component Physical Designator: Old Designator=C_senseVccH? New Designator=C_senseVccH1
Change Component Physical Designator: Old Designator=C_senseVccH? New Designator=C_senseVccH1
Change Component Physical Designator: Old Designator=C_senseVccN? New Designator=C_senseVccN1
Change Component Physical Designator: Old Designator=C_senseVccN? New Designator=C_senseVccN1
Change Component Physical Designator: Old Designator=C_senseVccN? New Designator=C_senseVccN1
Change Component Physical Designator: Old Designator=D? New Designator=D1
Change Component Physical Designator: Old Designator=D? New Designator=D2
Change Component Physical Designator: Old Designator=D? New Designator=D3
Change Component Physical Designator: Old Designator=D? New Designator=D3
Change Component Physical Designator: Old Designator=D? New Designator=D3
Change Component Physical Designator: Old Designator=D? New Designator=D4
Change Component Physical Designator: Old Designator=D? New Designator=D4
Change Component Physical Designator: Old Designator=D? New Designator=D4
Change Component Physical Designator: Old Designator=D? New Designator=D5
Change Component Physical Designator: Old Designator=D? New Designator=D5
Change Component Physical Designator: Old Designator=D? New Designator=D5
Change Component Physical Designator: Old Designator=H_load? New Designator=H_load1
Change Component Physical Designator: Old Designator=HOT_afterTRIAC? New Designator=HOT_afterTRIAC1
Change Component Physical Designator: Old Designator=Hot_Grid? New Designator=Hot_Grid1
Change Component Physical Designator: Old Designator=J? New Designator=J1
Change Component Physical Designator: Old Designator=J? New Designator=J2
Change Component Physical Designator: Old Designator=J? New Designator=J3
Change Component Physical Designator: Old Designator=J? New Designator=J4
Change Component Physical Designator: Old Designator=J? New Designator=J5
Change Component Physical Designator: Old Designator=J? New Designator=J6
Change Component Physical Designator: Old Designator=J? New Designator=J7
Change Component Physical Designator: Old Designator=J? New Designator=J8
Change Component Physical Designator: Old Designator=N_afterTRIAC? New Designator=N_afterTRIAC1
Change Component Physical Designator: Old Designator=N_Load? New Designator=N_Load1
Change Component Physical Designator: Old Designator=Neutral_Grid? New Designator=Neutral_Grid1
Change Component Physical Designator: Old Designator=P? New Designator=P1
Change Component Physical Designator: Old Designator=P? New Designator=P2
Change Component Physical Designator: Old Designator=PS? New Designator=PS1
Change Component Physical Designator: Old Designator=Q? New Designator=Q1
Change Component Physical Designator: Old Designator=Q? New Designator=Q2
Change Component Physical Designator: Old Designator=Q? New Designator=Q3
Change Component Physical Designator: Old Designator=Q? New Designator=Q4
Change Component Physical Designator: Old Designator=Q? New Designator=Q5
Change Component Physical Designator: Old Designator=Q? New Designator=Q5
Change Component Physical Designator: Old Designator=Q? New Designator=Q5
Change Component Physical Designator: Old Designator=Q? New Designator=Q6
Change Component Physical Designator: Old Designator=Q? New Designator=Q6
Change Component Physical Designator: Old Designator=Q? New Designator=Q6
Change Component Physical Designator: Old Designator=Q? New Designator=Q7
Change Component Physical Designator: Old Designator=Q? New Designator=Q7
Change Component Physical Designator: Old Designator=Q? New Designator=Q7
Change Component Physical Designator: Old Designator=R? New Designator=R1
Change Component Physical Designator: Old Designator=R? New Designator=R2
Change Component Physical Designator: Old Designator=R? New Designator=R3
Change Component Physical Designator: Old Designator=R? New Designator=R3
Change Component Physical Designator: Old Designator=R? New Designator=R3
Change Component Physical Designator: Old Designator=R? New Designator=R4
Change Component Physical Designator: Old Designator=R? New Designator=R4
Change Component Physical Designator: Old Designator=R? New Designator=R4
Change Component Physical Designator: Old Designator=R? New Designator=R5
Change Component Physical Designator: Old Designator=R? New Designator=R5
Change Component Physical Designator: Old Designator=R? New Designator=R5
Change Component Physical Designator: Old Designator=R? New Designator=R6
Change Component Physical Designator: Old Designator=R? New Designator=R6
Change Component Physical Designator: Old Designator=R? New Designator=R6
Change Component Physical Designator: Old Designator=R? New Designator=R7
Change Component Physical Designator: Old Designator=R? New Designator=R7
Change Component Physical Designator: Old Designator=R? New Designator=R7
Change Component Physical Designator: Old Designator=R? New Designator=R8
Change Component Physical Designator: Old Designator=R? New Designator=R8
Change Component Physical Designator: Old Designator=R? New Designator=R8
Change Component Physical Designator: Old Designator=R? New Designator=R9
Change Component Physical Designator: Old Designator=R? New Designator=R9
Change Component Physical Designator: Old Designator=R? New Designator=R9
Change Component Physical Designator: Old Designator=R? New Designator=R10
Change Component Physical Designator: Old Designator=R? New Designator=R10
Change Component Physical Designator: Old Designator=R? New Designator=R10
Change Component Physical Designator: Old Designator=R? New Designator=R11
Change Component Physical Designator: Old Designator=R? New Designator=R12
Change Component Physical Designator: Old Designator=R? New Designator=R13
Change Component Physical Designator: Old Designator=R? New Designator=R13
Change Component Physical Designator: Old Designator=R? New Designator=R13
Change Component Physical Designator: Old Designator=R? New Designator=R14
Change Component Physical Designator: Old Designator=R? New Designator=R14
Change Component Physical Designator: Old Designator=R? New Designator=R14
Change Component Physical Designator: Old Designator=R? New Designator=R15
Change Component Physical Designator: Old Designator=R? New Designator=R15
Change Component Physical Designator: Old Designator=R? New Designator=R15
Change Component Physical Designator: Old Designator=R? New Designator=R16
Change Component Physical Designator: Old Designator=R? New Designator=R16
Change Component Physical Designator: Old Designator=R? New Designator=R16
Change Component Physical Designator: Old Designator=R? New Designator=R17
Change Component Physical Designator: Old Designator=R? New Designator=R17
Change Component Physical Designator: Old Designator=R? New Designator=R17
Change Component Physical Designator: Old Designator=R? New Designator=R18
Change Component Physical Designator: Old Designator=R? New Designator=R18
Change Component Physical Designator: Old Designator=R? New Designator=R18
Change Component Physical Designator: Old Designator=R? New Designator=R19
Change Component Physical Designator: Old Designator=R? New Designator=R19
Change Component Physical Designator: Old Designator=R? New Designator=R19
Change Component Physical Designator: Old Designator=R? New Designator=R20
Change Component Physical Designator: Old Designator=R? New Designator=R20
Change Component Physical Designator: Old Designator=R? New Designator=R20
Change Component Physical Designator: Old Designator=R? New Designator=R21
Change Component Physical Designator: Old Designator=R? New Designator=R21
Change Component Physical Designator: Old Designator=R? New Designator=R21
Change Component Physical Designator: Old Designator=R? New Designator=R22
Change Component Physical Designator: Old Designator=R? New Designator=R22
Change Component Physical Designator: Old Designator=R? New Designator=R22
Change Component Physical Designator: Old Designator=R? New Designator=R23
Change Component Physical Designator: Old Designator=R? New Designator=R23
Change Component Physical Designator: Old Designator=R? New Designator=R23
Change Component Physical Designator: Old Designator=R? New Designator=R24
Change Component Physical Designator: Old Designator=R? New Designator=R24
Change Component Physical Designator: Old Designator=R? New Designator=R24
Change Component Physical Designator: Old Designator=R? New Designator=R25
Change Component Physical Designator: Old Designator=R? New Designator=R25
Change Component Physical Designator: Old Designator=R? New Designator=R25
Change Component Physical Designator: Old Designator=R? New Designator=R26
Change Component Physical Designator: Old Designator=R? New Designator=R26
Change Component Physical Designator: Old Designator=R? New Designator=R26
Change Component Physical Designator: Old Designator=R? New Designator=R27
Change Component Physical Designator: Old Designator=R? New Designator=R27
Change Component Physical Designator: Old Designator=R? New Designator=R27
Change Component Physical Designator: Old Designator=R? New Designator=R28
Change Component Physical Designator: Old Designator=R? New Designator=R28
Change Component Physical Designator: Old Designator=R? New Designator=R28
Change Component Physical Designator: Old Designator=R? New Designator=R29
Change Component Physical Designator: Old Designator=R? New Designator=R29
Change Component Physical Designator: Old Designator=R? New Designator=R29
Change Component Physical Designator: Old Designator=R? New Designator=R30
Change Component Physical Designator: Old Designator=R? New Designator=R30
Change Component Physical Designator: Old Designator=R? New Designator=R30
Change Component Physical Designator: Old Designator=R? New Designator=R31
Change Component Physical Designator: Old Designator=R? New Designator=R31
Change Component Physical Designator: Old Designator=R? New Designator=R31
Change Component Physical Designator: Old Designator=R? New Designator=R32
Change Component Physical Designator: Old Designator=R? New Designator=R32
Change Component Physical Designator: Old Designator=R? New Designator=R32
Change Component Physical Designator: Old Designator=R? New Designator=R33
Change Component Physical Designator: Old Designator=R? New Designator=R34
Change Component Physical Designator: Old Designator=TP? New Designator=TP1
Change Component Physical Designator: Old Designator=TRIAC_drive? New Designator=TRIAC_drive1
Change Component Physical Designator: Old Designator=TRIAC_driver_IN? New Designator=TRIAC_driver_IN1
Change Component Physical Designator: Old Designator=U? New Designator=U1
Change Component Physical Designator: Old Designator=U? New Designator=U1
Change Component Physical Designator: Old Designator=U? New Designator=U1
Change Component Physical Designator: Old Designator=U? New Designator=U2
Change Component Physical Designator: Old Designator=U? New Designator=U2
Change Component Physical Designator: Old Designator=U? New Designator=U2
Change Component Physical Designator: Old Designator=U? New Designator=U3
Change Component Physical Designator: Old Designator=U? New Designator=U3
Change Component Physical Designator: Old Designator=U? New Designator=U3
Change Component Physical Designator: Old Designator=U? New Designator=U4
Change Component Physical Designator: Old Designator=U? New Designator=U4
Change Component Physical Designator: Old Designator=U? New Designator=U4
Change Component Physical Designator: Old Designator=U? New Designator=U5
Change Component Physical Designator: Old Designator=U? New Designator=U6
Change Component Physical Designator: Old Designator=U? New Designator=U6
Change Component Physical Designator: Old Designator=U? New Designator=U6
Change Component Physical Designator: Old Designator=U? New Designator=U7
Change Component Physical Designator: Old Designator=U? New Designator=U7
Change Component Physical Designator: Old Designator=U? New Designator=U7
Change Component Physical Designator: Old Designator=U? New Designator=U8
Change Component Physical Designator: Old Designator=U? New Designator=U8
Change Component Physical Designator: Old Designator=U? New Designator=U8
Change Component Physical Designator: Old Designator=U? New Designator=U9
Change Component Physical Designator: Old Designator=U? New Designator=U10
Change Component Physical Designator: Old Designator=V_senseH? New Designator=V_senseH1
Change Component Physical Designator: Old Designator=V_senseH? New Designator=V_senseH1
Change Component Physical Designator: Old Designator=V_senseH? New Designator=V_senseH1
Change Component Physical Designator: Old Designator=V_senseN? New Designator=V_senseN1
Change Component Physical Designator: Old Designator=V_senseN? New Designator=V_senseN1
Change Component Physical Designator: Old Designator=V_senseN? New Designator=V_senseN1
Change Component Physical Designator: Old Designator=V_senseN? New Designator=V_senseN2
Change Component Physical Designator: Old Designator=V_senseN? New Designator=V_senseN2
Change Component Physical Designator: Old Designator=V_senseN? New Designator=V_senseN2
Change Component Physical Designator: Old Designator=V_senseVccG? New Designator=V_senseVccG1
Change Component Physical Designator: Old Designator=V_senseVccG? New Designator=V_senseVccG1
Change Component Physical Designator: Old Designator=V_senseVccG? New Designator=V_senseVccG1
Change Component Physical Designator: Old Designator=V_senseVccH? New Designator=V_senseVccH1
Change Component Physical Designator: Old Designator=V_senseVccH? New Designator=V_senseVccH1
Change Component Physical Designator: Old Designator=V_senseVccH? New Designator=V_senseVccH1
Change Component Physical Designator: Old Designator=V_senseVccN? New Designator=V_senseVccN1
Change Component Physical Designator: Old Designator=V_senseVccN? New Designator=V_senseVccN1
Change Component Physical Designator: Old Designator=V_senseVccN? New Designator=V_senseVccN1
Change Component Physical Designator: Old Designator=Vdiv_G? New Designator=Vdiv_G1
Change Component Physical Designator: Old Designator=Vdiv_G? New Designator=Vdiv_G1
Change Component Physical Designator: Old Designator=Vdiv_G? New Designator=Vdiv_G1
Change Component Physical Designator: Old Designator=Vdiv_H? New Designator=Vdiv_H1
Change Component Physical Designator: Old Designator=Vdiv_H? New Designator=Vdiv_H1
Change Component Physical Designator: Old Designator=Vdiv_H? New Designator=Vdiv_H1
Change Component Physical Designator: Old Designator=Vdiv_N? New Designator=Vdiv_N1
Change Component Physical Designator: Old Designator=Vdiv_N? New Designator=Vdiv_N1
Change Component Physical Designator: Old Designator=Vdiv_N? New Designator=Vdiv_N1
Change Component Physical Designator: Old Designator=Vsense_G? New Designator=Vsense_G1
Change Component Physical Designator: Old Designator=Vsense_G? New Designator=Vsense_G1
Change Component Physical Designator: Old Designator=Vsense_G? New Designator=Vsense_G1
Change Component Physical Designator: Old Designator=Vsense_H? New Designator=Vsense_H
Change Component Physical Designator: Old Designator=Vsense_H? New Designator=Vsense_H
Change Component Physical Designator: Old Designator=Vsense_H? New Designator=Vsense_H
Change Component Physical Designator: Old Designator=Vsense_N? New Designator=Vsense_N1
Change Component Physical Designator: Old Designator=Vsense_N? New Designator=Vsense_N1
Change Component Physical Designator: Old Designator=Vsense_N? New Designator=Vsense_N1
