Change Component Designator: Old Designator=C7 New Designator=C?
Change Component Designator: Old Designator=C8 New Designator=C?
Change Component Designator: Old Designator=C14 New Designator=C?
Change Component Designator: Old Designator=D1 New Designator=D?
Change Component Designator: Old Designator=D2 New Designator=D?
Change Component Designator: Old Designator=D5 New Designator=D?
Change Component Designator: Old Designator=Q5 New Designator=Q?
Change Component Designator: Old Designator=Q6 New Designator=Q?
Change Component Designator: Old Designator=Q7 New Designator=Q?
Change Component Designator: Old Designator=R5 New Designator=R?
Change Component Designator: Old Designator=R6 New Designator=R?
Change Component Designator: Old Designator=R7 New Designator=R?
Change Component Designator: Old Designator=R8 New Designator=R?
Change Component Designator: Old Designator=R9 New Designator=R?
Change Component Designator: Old Designator=R10 New Designator=R?
Change Component Designator: Old Designator=R11 New Designator=R?
Change Component Designator: Old Designator=R12 New Designator=R?
Change Component Designator: Old Designator=R23 New Designator=R?
Change Component Designator: Old Designator=R24 New Designator=R?
Change Component Designator: Old Designator=R25 New Designator=R?
Change Component Designator: Old Designator=R26 New Designator=R?
Change Component Designator: Old Designator=R27 New Designator=R?
Change Component Designator: Old Designator=R28 New Designator=R?
Change Component Designator: Old Designator=R29 New Designator=R?
Change Component Designator: Old Designator=R30 New Designator=R?
Change Component Designator: Old Designator=R31 New Designator=R?
Change Component Designator: Old Designator=R32 New Designator=R?
Change Component Designator: Old Designator=R33 New Designator=R?
Change Component Designator: Old Designator=R34 New Designator=R?
Change Component Designator: Old Designator=U8 New Designator=U?
Change Component Designator: Old Designator=U9 New Designator=U?
Change Component Designator: Old Designator=U10 New Designator=U?
Change Component Designator: Old Designator=V_senseH New Designator=V_senseH?
Change Component Designator: Old Designator=V_senseN1 New Designator=V_senseN?
Change Component Designator: Old Designator=V_senseN New Designator=V_senseN?
Change Component Designator: Old Designator=V_senseVccG New Designator=V_senseVccG?
Change Component Designator: Old Designator=V_senseVccH New Designator=V_senseVccH?
Change Component Designator: Old Designator=V_senseVccN New Designator=V_senseVccN?
Change Component Designator: Old Designator=Vdiv_G New Designator=Vdiv_G?
Change Component Designator: Old Designator=Vdiv_H New Designator=Vdiv_H?
Change Component Designator: Old Designator=Vdiv_N New Designator=Vdiv_N?
Change Component Designator: Old Designator=Vsense_G New Designator=Vsense_G?
Change Component Designator: Old Designator=Vsense_H New Designator=Vsense_H?
Change Component Designator: Old Designator=Vsense_N New Designator=Vsense_N?
