Change Component Designator: Old Designator=C? New Designator=C7
Change Component Designator: Old Designator=C? New Designator=C8
Change Component Designator: Old Designator=C? New Designator=C9
Change Component Designator: Old Designator=D? New Designator=D3
Change Component Designator: Old Designator=D? New Designator=D4
Change Component Designator: Old Designator=D? New Designator=D5
Change Component Designator: Old Designator=Q? New Designator=Q5
Change Component Designator: Old Designator=Q? New Designator=Q6
Change Component Designator: Old Designator=Q? New Designator=Q7
Change Component Designator: Old Designator=R? New Designator=R7
Change Component Designator: Old Designator=R? New Designator=R8
Change Component Designator: Old Designator=R? New Designator=R9
Change Component Designator: Old Designator=R? New Designator=R10
Change Component Designator: Old Designator=R? New Designator=R11
Change Component Designator: Old Designator=R? New Designator=R12
Change Component Designator: Old Designator=R? New Designator=R13
Change Component Designator: Old Designator=R? New Designator=R14
Change Component Designator: Old Designator=R? New Designator=R21
Change Component Designator: Old Designator=R? New Designator=R22
Change Component Designator: Old Designator=R? New Designator=R23
Change Component Designator: Old Designator=R? New Designator=R24
Change Component Designator: Old Designator=R? New Designator=R25
Change Component Designator: Old Designator=R? New Designator=R26
Change Component Designator: Old Designator=R? New Designator=R27
Change Component Designator: Old Designator=R? New Designator=R28
Change Component Designator: Old Designator=R? New Designator=R29
Change Component Designator: Old Designator=R? New Designator=R30
Change Component Designator: Old Designator=R? New Designator=R31
Change Component Designator: Old Designator=R? New Designator=R32
Change Component Designator: Old Designator=U? New Designator=U4
Change Component Designator: Old Designator=U? New Designator=U5
Change Component Designator: Old Designator=U? New Designator=U8
Change Component Designator: Old Designator=V_senseH? New Designator=V_senseH1
Change Component Designator: Old Designator=V_senseN? New Designator=V_senseN1
Change Component Designator: Old Designator=V_senseN? New Designator=V_senseN2
Change Component Designator: Old Designator=V_senseVccG? New Designator=V_senseVccG1
Change Component Designator: Old Designator=V_senseVccH? New Designator=V_senseVccH1
Change Component Designator: Old Designator=V_senseVccN? New Designator=V_senseVccN1
Change Component Designator: Old Designator=Vdiv_G? New Designator=Vdiv_G1
Change Component Designator: Old Designator=Vdiv_H? New Designator=Vdiv_H1
Change Component Designator: Old Designator=Vdiv_N? New Designator=Vdiv_N1
Change Component Designator: Old Designator=Vsense_G? New Designator=Vsense_G1
Change Component Designator: Old Designator=Vsense_H? New Designator=Vsense_H1
Change Component Designator: Old Designator=Vsense_N? New Designator=Vsense_N1
