Change Component Designator: Old Designator=C7 New Designator=C?
Change Component Designator: Old Designator=C8 New Designator=C?
Change Component Designator: Old Designator=C9 New Designator=C?
Change Component Designator: Old Designator=D3 New Designator=D?
Change Component Designator: Old Designator=D4 New Designator=D?
Change Component Designator: Old Designator=D5 New Designator=D?
Change Component Designator: Old Designator=Q5 New Designator=Q?
Change Component Designator: Old Designator=Q6 New Designator=Q?
Change Component Designator: Old Designator=Q7 New Designator=Q?
Change Component Designator: Old Designator=R7 New Designator=R?
Change Component Designator: Old Designator=R8 New Designator=R?
Change Component Designator: Old Designator=R9 New Designator=R?
Change Component Designator: Old Designator=R10 New Designator=R?
Change Component Designator: Old Designator=R11 New Designator=R?
Change Component Designator: Old Designator=R12 New Designator=R?
Change Component Designator: Old Designator=R13 New Designator=R?
Change Component Designator: Old Designator=R14 New Designator=R?
Change Component Designator: Old Designator=R21 New Designator=R?
Change Component Designator: Old Designator=R22 New Designator=R?
Change Component Designator: Old Designator=R23 New Designator=R?
Change Component Designator: Old Designator=R24 New Designator=R?
Change Component Designator: Old Designator=R25 New Designator=R?
Change Component Designator: Old Designator=R26 New Designator=R?
Change Component Designator: Old Designator=R27 New Designator=R?
Change Component Designator: Old Designator=R28 New Designator=R?
Change Component Designator: Old Designator=R29 New Designator=R?
Change Component Designator: Old Designator=R30 New Designator=R?
Change Component Designator: Old Designator=R31 New Designator=R?
Change Component Designator: Old Designator=R32 New Designator=R?
Change Component Designator: Old Designator=U4 New Designator=U?
Change Component Designator: Old Designator=U5 New Designator=U?
Change Component Designator: Old Designator=U8 New Designator=U?
Change Component Designator: Old Designator=V_senseH1 New Designator=V_senseH?
Change Component Designator: Old Designator=V_senseN1 New Designator=V_senseN?
Change Component Designator: Old Designator=V_senseN2 New Designator=V_senseN?
Change Component Designator: Old Designator=V_senseVccG1 New Designator=V_senseVccG?
Change Component Designator: Old Designator=V_senseVccH1 New Designator=V_senseVccH?
Change Component Designator: Old Designator=V_senseVccN1 New Designator=V_senseVccN?
Change Component Designator: Old Designator=Vdiv_G1 New Designator=Vdiv_G?
Change Component Designator: Old Designator=Vdiv_H1 New Designator=Vdiv_H?
Change Component Designator: Old Designator=Vdiv_N1 New Designator=Vdiv_N?
Change Component Designator: Old Designator=Vsense_G1 New Designator=Vsense_G?
Change Component Designator: Old Designator=Vsense_H1 New Designator=Vsense_H?
Change Component Designator: Old Designator=Vsense_N1 New Designator=Vsense_N?
